# JRE version: Java(TM) SE Runtime Environment 18.9 (11.0.17+10) (build 11.0.17+10-LTS-269)
# Java VM: Java HotSpot(TM) 64-Bit Server VM 18.9 (11.0.17+10-LTS-269, mixed mode, tiered, compressed oops, g1 gc, windows-amd64)
Heap:
 garbage-first heap   total 129024K, used 56119K [0x0000000080000000, 0x0000000100000000)
  region size 1024K, 40 young (40960K), 4 survivors (4096K)
 Metaspace       used 29033K, capacity 29814K, committed 30076K, reserved 542720K
  class space    used 3865K, capacity 4178K, committed 4300K, reserved 516096K
GC Heap History (8 events):
Event: 0.907 GC heap before
{Heap before GC invocations=0 (full 0):
 garbage-first heap   total 129024K, used 27648K [0x0000000080000000, 0x0000000100000000)
  region size 1024K, 24 young (24576K), 0 survivors (0K)
 Metaspace       used 9904K, capacity 10143K, committed 10368K, reserved 526336K
  class space    used 1030K, capacity 1105K, committed 1152K, reserved 516096K
}
Event: 0.913 GC heap after
{Heap after GC invocations=1 (full 0):
 garbage-first heap   total 129024K, used 10617K [0x0000000080000000, 0x0000000100000000)
  region size 1024K, 3 young (3072K), 3 survivors (3072K)
 Metaspace       used 9904K, capacity 10143K, committed 10368K, reserved 526336K
  class space    used 1030K, capacity 1105K, committed 1152K, reserved 516096K
}
Event: 3.739 GC heap before
{Heap before GC invocations=1 (full 0):
 garbage-first heap   total 129024K, used 85369K [0x0000000080000000, 0x0000000100000000)
  region size 1024K, 75 young (76800K), 3 survivors (3072K)
 Metaspace       used 18132K, capacity 18562K, committed 18688K, reserved 532480K
  class space    used 2133K, capacity 2278K, committed 2304K, reserved 516096K
}
Event: 3.747 GC heap after
{Heap after GC invocations=2 (full 0):
 garbage-first heap   total 129024K, used 17149K [0x0000000080000000, 0x0000000100000000)
  region size 1024K, 10 young (10240K), 10 survivors (10240K)
 Metaspace       used 18132K, capacity 18562K, committed 18688K, reserved 532480K
  class space    used 2133K, capacity 2278K, committed 2304K, reserved 516096K
}
Event: 4.265 GC heap before
{Heap before GC invocations=2 (full 0):
 garbage-first heap   total 129024K, used 37629K [0x0000000080000000, 0x0000000100000000)
  region size 1024K, 31 young (31744K), 10 survivors (10240K)
 Metaspace       used 20735K, capacity 21232K, committed 21296K, reserved 536576K
  class space    used 2516K, capacity 2687K, committed 2688K, reserved 516096K
}
Event: 4.271 GC heap after
{Heap after GC invocations=3 (full 0):
 garbage-first heap   total 129024K, used 18256K [0x0000000080000000, 0x0000000100000000)
  region size 1024K, 2 young (2048K), 2 survivors (2048K)
 Metaspace       used 20735K, capacity 21232K, committed 21296K, reserved 536576K
  class space    used 2516K, capacity 2687K, committed 2688K, reserved 516096K
}
Event: 5.142 GC heap before
{Heap before GC invocations=4 (full 0):
 garbage-first heap   total 129024K, used 77648K [0x0000000080000000, 0x0000000100000000)
  region size 1024K, 60 young (61440K), 2 survivors (2048K)
 Metaspace       used 26120K, capacity 26736K, committed 26876K, reserved 540672K
  class space    used 3416K, capacity 3634K, committed 3660K, reserved 516096K
}
Event: 5.146 GC heap after
{Heap after GC invocations=5 (full 0):
 garbage-first heap   total 129024K, used 20279K [0x0000000080000000, 0x0000000100000000)
  region size 1024K, 4 young (4096K), 4 survivors (4096K)
 Metaspace       used 26120K, capacity 26736K, committed 26876K, reserved 540672K
  class space    used 3416K, capacity 3634K, committed 3660K, reserved 516096K
}

