# JRE version: Java(TM) SE Runtime Environment 18.9 (11.0.17+10) (build 11.0.17+10-LTS-269)
# Java VM: Java HotSpot(TM) 64-Bit Server VM 18.9 (11.0.17+10-LTS-269, mixed mode, tiered, compressed oops, g1 gc, windows-amd64)
Heap:
 garbage-first heap   total 129024K, used 25109K [0x0000000080000000, 0x0000000100000000)
  region size 1024K, 9 young (9216K), 3 survivors (3072K)
 Metaspace       used 25171K, capacity 25799K, committed 25980K, reserved 538624K
  class space    used 3256K, capacity 3452K, committed 3532K, reserved 516096K
GC Heap History (10 events):
Event: 5.511 GC heap before
{Heap before GC invocations=0 (full 0):
 garbage-first heap   total 129024K, used 27648K [0x0000000080000000, 0x0000000100000000)
  region size 1024K, 24 young (24576K), 0 survivors (0K)
 Metaspace       used 9938K, capacity 10191K, committed 10368K, reserved 526336K
  class space    used 1032K, capacity 1105K, committed 1152K, reserved 516096K
}
Event: 5.694 GC heap after
{Heap after GC invocations=1 (full 0):
 garbage-first heap   total 129024K, used 10575K [0x0000000080000000, 0x0000000100000000)
  region size 1024K, 3 young (3072K), 3 survivors (3072K)
 Metaspace       used 9938K, capacity 10191K, committed 10368K, reserved 526336K
  class space    used 1032K, capacity 1105K, committed 1152K, reserved 516096K
}
Event: 10.089 GC heap before
{Heap before GC invocations=1 (full 0):
 garbage-first heap   total 129024K, used 40271K [0x0000000080000000, 0x0000000100000000)
  region size 1024K, 31 young (31744K), 3 survivors (3072K)
 Metaspace       used 11074K, capacity 11369K, committed 11520K, reserved 526336K
  class space    used 1150K, capacity 1242K, committed 1280K, reserved 516096K
}
Event: 10.102 GC heap after
{Heap after GC invocations=2 (full 0):
 garbage-first heap   total 129024K, used 12274K [0x0000000080000000, 0x0000000100000000)
  region size 1024K, 2 young (2048K), 2 survivors (2048K)
 Metaspace       used 11074K, capacity 11369K, committed 11520K, reserved 526336K
  class space    used 1150K, capacity 1242K, committed 1280K, reserved 516096K
}
Event: 18.101 GC heap before
{Heap before GC invocations=2 (full 0):
 garbage-first heap   total 129024K, used 53234K [0x0000000080000000, 0x0000000100000000)
  region size 1024K, 42 young (43008K), 2 survivors (2048K)
 Metaspace       used 17682K, capacity 18090K, committed 18432K, reserved 532480K
  class space    used 2064K, capacity 2211K, committed 2304K, reserved 516096K
}
Event: 18.132 GC heap after
{Heap after GC invocations=3 (full 0):
 garbage-first heap   total 129024K, used 17408K [0x0000000080000000, 0x0000000100000000)
  region size 1024K, 6 young (6144K), 6 survivors (6144K)
 Metaspace       used 17682K, capacity 18090K, committed 18432K, reserved 532480K
  class space    used 2064K, capacity 2211K, committed 2304K, reserved 516096K
}
Event: 19.054 GC heap before
{Heap before GC invocations=3 (full 0):
 garbage-first heap   total 129024K, used 40960K [0x0000000080000000, 0x0000000100000000)
  region size 1024K, 30 young (30720K), 6 survivors (6144K)
 Metaspace       used 20746K, capacity 21216K, committed 21296K, reserved 536576K
  class space    used 2518K, capacity 2687K, committed 2688K, reserved 516096K
}
Event: 19.063 GC heap after
{Heap after GC invocations=4 (full 0):
 garbage-first heap   total 129024K, used 18529K [0x0000000080000000, 0x0000000100000000)
  region size 1024K, 1 young (1024K), 1 survivors (1024K)
 Metaspace       used 20746K, capacity 21216K, committed 21296K, reserved 536576K
  class space    used 2518K, capacity 2687K, committed 2688K, reserved 516096K
}
Event: 22.695 GC heap before
{Heap before GC invocations=5 (full 0):
 garbage-first heap   total 129024K, used 63585K [0x0000000080000000, 0x0000000100000000)
  region size 1024K, 46 young (47104K), 1 survivors (1024K)
 Metaspace       used 24527K, capacity 25125K, committed 25340K, reserved 538624K
  class space    used 3150K, capacity 3355K, committed 3404K, reserved 516096K
}
Event: 22.702 GC heap after
{Heap after GC invocations=6 (full 0):
 garbage-first heap   total 129024K, used 19989K [0x0000000080000000, 0x0000000100000000)
  region size 1024K, 3 young (3072K), 3 survivors (3072K)
 Metaspace       used 24527K, capacity 25125K, committed 25340K, reserved 538624K
  class space    used 3150K, capacity 3355K, committed 3404K, reserved 516096K
}

